2023-06-16 11:52:36,335: Experiment begins.
2023-06-16 11:52:36,335: Dataset used: Cora
2023-06-16 11:52:36,335: Iterative model info:
 Hidden dimension: 32
 training iterations: 2
 smoothing factor: 0.80
2023-06-16 11:52:36,335: Experiment info: learning rate: 0.0085
 weight_decay: 2.000000e-04
 number of epochs: 200
2023-06-16 11:56:14,329: Ran iterative models 50 times, Mean accuracy: 0.7693, mean training time: 4.343s
2023-06-16 11:56:14,329: Non-terative model info:
 Hidden dimension: 32
 number of layers: 2

2023-06-16 11:56:14,329: Experiment info: learning rate: 0.0085
 weight_decay: 2.000000e-04
 number of epochs: 200
2023-06-16 11:59:08,750: Ran Non-iterative models 50 times, Mean accuracy: 0.8117, mean training time: 3.473s
2023-06-16 12:00:24,380: Experiment begins.
2023-06-16 12:00:24,380: Dataset used: Cora
2023-06-16 12:00:24,381: Iterative model info:
 Hidden dimension: 32
 training iterations: 2
 smoothing factor: 0.80
2023-06-16 12:00:24,381: Experiment info: learning rate: 0.0085
 weight_decay: 2.000000e-04
 number of epochs: 200
2023-06-16 12:03:57,836: Ran iterative models 50 times, Mean accuracy: 0.769, mean training time: 4.251s
2023-06-16 12:03:57,836: Non-terative model info:
 Hidden dimension: 32
 number of layers: 2

2023-06-16 12:03:57,837: Experiment info: learning rate: 0.0085
 weight_decay: 2.000000e-04
 number of epochs: 200
2023-06-16 12:06:40,404: Ran Non-iterative models 50 times, Mean accuracy: 0.8119, mean training time: 3.237s
2023-06-16 12:07:18,669: Experiment begins.
2023-06-16 12:07:18,670: Dataset used: Cora
2023-06-16 12:07:18,670: Iterative model info:
 Hidden dimension: 32
 training iterations: 2
 smoothing factor: 0.80
2023-06-16 12:07:18,670: Experiment info: learning rate: 0.0085
 weight_decay: 2.000000e-04
 number of epochs: 200
2023-06-16 12:10:47,313: Ran iterative models 50 times, Mean accuracy: 0.7686, mean training time: 4.155s
2023-06-16 12:10:47,313: Non-terative model info:
 Hidden dimension: 32
 number of layers: 2

2023-06-16 12:10:47,313: Experiment info: learning rate: 0.0085
 weight_decay: 2.000000e-04
 number of epochs: 200
2023-06-16 12:13:29,174: Ran Non-iterative models 50 times, Mean accuracy: 0.8123, mean training time: 3.222s
2023-06-16 12:14:42,148: Experiment begins.
2023-06-16 12:14:42,148: Dataset used: Cora
2023-06-16 12:14:42,148: Iterative model info:
 Hidden dimension: 32
 training iterations: 2
 smoothing factor: 0.80
2023-06-16 12:14:42,148: Experiment info: learning rate: 0.0085
 weight_decay: 2.000000e-04
 number of epochs: 200
2023-06-16 12:18:02,807: Ran iterative models 50 times, Mean accuracy: 0.7691, mean training time: 3.998s
2023-06-16 12:18:02,807: Non-terative model info:
 Hidden dimension: 32
 number of layers: 2

2023-06-16 12:18:02,807: Experiment info: learning rate: 0.0085
 weight_decay: 2.000000e-04
 number of epochs: 200
2023-06-16 12:20:43,891: Ran Non-iterative models 50 times, Mean accuracy: 0.8119, mean training time: 3.206s
2023-06-16 12:26:47,104: Experiment begins.
2023-06-16 12:26:47,104: Dataset used: Cora
2023-06-16 12:26:47,104: Iterative model info:
 Hidden dimension: 32
 training iterations: 2
 smoothing factor: 0.80
2023-06-16 12:26:47,104: Experiment info: learning rate: 0.0085
 weight_decay: 2.000000e-04
 number of epochs: 200
2023-06-16 12:31:22,821: Ran iterative models 70 times, Mean accuracy: 0.7708, mean training time: 3.923s
2023-06-16 12:31:22,821: Non-terative model info:
 Hidden dimension: 32
 number of layers: 2

2023-06-16 12:31:22,822: Experiment info: learning rate: 0.0085
 weight_decay: 2.000000e-04
 number of epochs: 200
2023-06-16 12:34:52,169: Ran Non-iterative models 70 times, Mean accuracy: 0.8112, mean training time: 2.976s
2023-06-16 12:43:47,275: Experiment begins.
2023-06-16 12:43:47,275: Dataset used: Cora
2023-06-16 12:43:47,275: Iterative model info:
 Hidden dimension: 32
 training iterations: 2
 smoothing factor: 0.80
2023-06-16 12:43:47,276: Experiment info: learning rate: 0.0085
 weight_decay: 2.000000e-04
 number of epochs: 200
2023-06-16 12:48:39,611: Ran iterative models 70 times, Mean accuracy: 0.7706, mean training time: 4.16s
2023-06-16 12:48:39,611: Non-terative model info:
 Hidden dimension: 32
 number of layers: 2

2023-06-16 12:48:39,611: Experiment info: learning rate: 0.0085
 weight_decay: 2.000000e-04
 number of epochs: 200
2023-06-16 12:52:14,833: Ran Non-iterative models 70 times, Mean accuracy: 0.8113, mean training time: 3.06s
2023-06-16 12:52:29,941: Experiment begins.
2023-06-16 12:52:29,941: Dataset used: Cora
2023-06-16 12:52:29,941: Iterative model info:
 Hidden dimension: 32
 training iterations: 2
 smoothing factor: 0.80
2023-06-16 12:52:29,941: Experiment info: learning rate: 0.0085
 weight_decay: 2.000000e-04
 number of epochs: 200
2023-06-16 12:57:04,531: Ran iterative models 70 times, Mean accuracy: 0.7695, mean training time: 3.906s
2023-06-16 12:57:04,532: Non-terative model info:
 Hidden dimension: 32
 number of layers: 2

2023-06-16 12:57:04,532: Experiment info: learning rate: 0.0085
 weight_decay: 2.000000e-04
 number of epochs: 200
2023-06-16 13:00:36,715: Ran Non-iterative models 70 times, Mean accuracy: 0.8113, mean training time: 3.017s
2023-06-16 15:47:53,692: Experiment begins.
2023-06-16 15:47:53,692: Dataset used: Cora
2023-06-16 15:47:53,692: Iterative model info:
 Hidden dimension: 32
 training iterations: 2
 smoothing factor: 0.80
2023-06-16 15:47:53,692: Experiment info: learning rate: 0.0085
 weight_decay: 2.00e-04
 number of epochs: 200
2023-06-16 15:57:13,607: Ran iterative models 70 times, Mean accuracy: 0.7684, mean training time: 7.984 s
2023-06-16 15:57:13,607: Non-terative model info:
 Hidden dimension: 32
 number of layers: 2

2023-06-16 15:57:13,607: Experiment info: learning rate: 0.0085
 weight_decay: 2.00e-04
 number of epochs: 200
2023-06-16 16:00:47,306: Ran Non-iterative models 70 times, Mean accuracy: 0.8117, mean training time: 3.039 s
