2023-06-18 23:32:44,256: --> Experiment: lr=0.01, weight_decay=0.0005, smooth_fac=0.7, hidden_dim=16, num_iteration=2
2023-06-18 23:32:44,257: No schedule: [0.7 0.7]
2023-06-18 23:32:44,257: Sigmoid schedule: tensor([0.7311, 0.8176, 0.8808, 0.9241, 0.9526, 0.9707, 0.9820, 0.9890, 0.9933,
        0.9959, 0.9975, 0.9985, 0.9991, 0.9994, 0.9997, 0.9998, 0.9999, 0.9999,
        1.0000, 1.0000])
2023-06-18 23:32:44,258: Uniform schedule: [0.8 0.8 0.8 0.8 0.8 0.8 0.8 0.8 0.8 0.8 0.8 0.8 0.8 0.8 0.8 0.8 0.8 0.8
 0.8 0.8]
2023-06-18 23:32:44,258: Linear schedule: [0.7        0.71578947 0.73157895 0.74736842 0.76315789 0.77894737
 0.79473684 0.81052632 0.82631579 0.84210526 0.85789474 0.87368421
 0.88947368 0.90526316 0.92105263 0.93684211 0.95263158 0.96842105
 0.98421053 1.        ]
2023-06-18 23:32:44,258: Result: accuracy: no schedule: 0.7564 +/- 0.01741, sigmoid: 0.7441 +/- 0.02899, uniform: 0.2796 +/- 0.1238, linear: 0.3523 +/- 0.1352
2023-06-18 23:43:42,961: --> Experiment: lr=0.01, weight_decay=0.0005, smooth_fac=0.7, hidden_dim=16, num_iteration=2
2023-06-18 23:43:42,961: No schedule: [0.7 0.7]
2023-06-18 23:43:42,962: Sigmoid schedule: tensor([0.7311, 0.8176, 0.8808, 0.9241, 0.9526, 0.9707, 0.9820, 0.9890, 0.9933,
        0.9959, 0.9975, 0.9985, 0.9991, 0.9994, 0.9997, 0.9998, 0.9999, 0.9999,
        1.0000, 1.0000])
2023-06-18 23:43:42,962: Uniform schedule: [0.95 0.95 0.95 0.95 0.95 0.95 0.95 0.95 0.95 0.95 0.95 0.95 0.95 0.95
 0.95 0.95 0.95 0.95 0.95 0.95]
2023-06-18 23:43:42,962: Linear schedule: [0.8        0.81052632 0.82105263 0.83157895 0.84210526 0.85263158
 0.86315789 0.87368421 0.88421053 0.89473684 0.90526316 0.91578947
 0.92631579 0.93684211 0.94736842 0.95789474 0.96842105 0.97894737
 0.98947368 1.        ]
2023-06-18 23:43:42,963: Result: accuracy: no schedule: 0.7568 +/- 0.01526, sigmoid: 0.7413 +/- 0.03164, uniform: 0.6453 +/- 0.106, linear: 0.4496 +/- 0.1517
